<?xml version="1.0" encoding="UTF-8"?>
<testsuite xmlns:xsi="http://www.w3.org/2001/XMLSchema-instance" xsi:noNamespaceSchemaLocation="https://maven.apache.org/surefire/maven-surefire-plugin/xsd/surefire-test-report.xsd" version="3.0.2" name="com.lms.util.PasswordUtilsTest" time="0.691" tests="2" errors="0" skipped="0" failures="0">
  <properties>
[...]
</properties>
  <testcase name="testBcryptHashVerifiesAndIsNotPlaintext" classname="com.lms.util.PasswordUtilsTest" time="0.678"/>
  <testcase name="testLegacyPasswordIsRecognizedForMigration" classname="com.lms.util.PasswordUtilsTest" time="0.0"/>
</testsuite>